d:\cpp_learn\db\datastruct\project1\debug\vc142.pdb
d:\cpp_learn\db\datastruct\project1\debug\vc142.idb
d:\cpp_learn\db\datastruct\project1\debug\mybintree.obj
d:\cpp_learn\db\datastruct\project1\debug\test.obj
d:\cpp_learn\db\datastruct\project1\debug\maze.obj
d:\cpp_learn\db\datastruct\project1\debug\eightqueens.obj
d:\cpp_learn\db\datastruct\project1\debug\mybintree.obj.enc
d:\cpp_learn\db\datastruct\debug\project1.pdb
d:\cpp_learn\db\datastruct\project1\debug\project1.tlog\cl.command.1.tlog
d:\cpp_learn\db\datastruct\project1\debug\project1.tlog\cl.read.1.tlog
d:\cpp_learn\db\datastruct\project1\debug\project1.tlog\cl.write.1.tlog
d:\cpp_learn\db\datastruct\project1\debug\project1.tlog\link.16328-cvtres.read.1.tlog
d:\cpp_learn\db\datastruct\project1\debug\project1.tlog\link.16328-cvtres.write.1.tlog
d:\cpp_learn\db\datastruct\project1\debug\project1.tlog\link.16328-rc.read.1.tlog
d:\cpp_learn\db\datastruct\project1\debug\project1.tlog\link.16328-rc.write.1.tlog
d:\cpp_learn\db\datastruct\project1\debug\project1.tlog\link.16328.read.1.tlog
d:\cpp_learn\db\datastruct\project1\debug\project1.tlog\link.16328.write.1.tlog
d:\cpp_learn\db\datastruct\project1\debug\project1.tlog\link.command.1.tlog
d:\cpp_learn\db\datastruct\project1\debug\project1.tlog\link.read.1.tlog
d:\cpp_learn\db\datastruct\project1\debug\project1.tlog\link.write.1.tlog
